npm warn EBADENGINE Unsupported engine {
npm warn EBADENGINE   package: 'follow@0.12.1',
npm warn EBADENGINE   required: { node: '0.12.x || 0.10.x || 0.8.x' },
npm warn EBADENGINE   current: { node: 'v22.14.0', npm: '10.9.2' }
npm warn EBADENGINE }
npm warn deprecated cryptiles@2.0.5: This version has been deprecated in accordance with the hapi support policy (hapi.im/support). Please upgrade to the latest version to get the best features, bug fixes, and security patches. If you are unable to upgrade at this time, paid support is available for older versions (hapi.im/commercial).
npm warn deprecated boom@2.10.1: This version has been deprecated in accordance with the hapi support policy (hapi.im/support). Please upgrade to the latest version to get the best features, bug fixes, and security patches. If you are unable to upgrade at this time, paid support is available for older versions (hapi.im/commercial).
npm warn deprecated sntp@1.0.9: This module moved to @hapi/sntp. Please make sure to switch over as this distribution is no longer supported and may contain bugs and critical security issues.
npm warn deprecated formidable@1.0.17: Please upgrade to latest, formidable@v2 or formidable@v3! Check these notes: https://bit.ly/2ZEqIau
npm warn deprecated hoek@2.16.3: This version has been deprecated in accordance with the hapi support policy (hapi.im/support). Please upgrade to the latest version to get the best features, bug fixes, and security patches. If you are unable to upgrade at this time, paid support is available for older versions (hapi.im/commercial).
npm warn deprecated node-uuid@1.4.8: Use uuid module instead
npm warn deprecated har-validator@1.8.0: this library is no longer supported
npm warn deprecated request@2.55.0: request has been deprecated, see https://github.com/request/request/issues/3142
npm warn deprecated hawk@2.3.1: This module moved to @hapi/hawk. Please make sure to switch over as this distribution is no longer supported and may contain bugs and critical security issues.
npm warn deprecated superagent@1.8.5: Please upgrade to superagent v10.2.2+, see release notes at https://github.com/forwardemail/superagent/releases/tag/v10.2.2 - maintenance is supported by Forward Email @ https://forwardemail.net

added 566 packages, and audited 567 packages in 46s

147 packages are looking for funding
  run `npm fund` for details

21 vulnerabilities (10 moderate, 8 high, 3 critical)

To address issues that do not require attention, run:
  npm audit fix

To address all issues (including breaking changes), run:
  npm audit fix --force

Run `npm audit` for details.
